[0m[[0m[0mdebug[0m] [0m[0m> Exec(testOnly org.SimpleSearch.MainSpec, Some(54a7ee61-8018-49e7-8fdf-5aed75afd201), Some(CommandSource(console0)))[0m
[0m[[0m[0mdebug[0m] [0m[0mEvaluating tasks: Test / testOnly[0m
[0m[[0m[0mdebug[0m] [0m[0mRunning task... Cancel: Signal, check cycles: false, forcegc: true[0m
[0m[[0m[0minfo[0m] [0m[0mcompiling 1 Scala source to D:\Work Files\simple-search-engine\target\scala-2.13\classes ...[0m
[0m[[0m[33mwarn[0m] [0m[0m1 deprecation (since 2.13.3); re-run with -deprecation for details[0m
[0m[[0m[33mwarn[0m] [0m[0mone warning found[0m
[0m[[0m[0minfo[0m] [0m[0m[32mMainSpec:[0m[0m
[0m[[0m[0minfo[0m] [0m[0m[32mSimple Search Program[0m[0m
[0m[[0m[0minfo[0m] [0m[0m[32m- should gracefully reject a missing argument[0m[0m
[0m[[0m[0minfo[0m] [0m[0m[33m- should gracefully reject an invalid file path !!! IGNORED !!![0m[0m
[0m[[0m[0minfo[0m] [0m[0m[32m- should read a valid directory path and return a valid path[0m[0m
[0m[[0m[0minfo[0m] [0m[0m[32m- should gracefully reject a file path argument[0m[0m
[0m[[0m[0minfo[0m] [0m[0m[32m- should index directory files[0m[0m
[0m[[0m[0minfo[0m] [0m[0m[32m- should compute the inputs received[0m[0m
[0m[[0m[0minfo[0m] [0m[0m[32m- should get occurrence num for result files[0m[0m
[0m[[0m[0minfo[0m] [0m[0m[32m- should rank search results correctly and return top 10 results[0m[0m
[0m[[0m[0minfo[0m] [0m[0m[36mRun completed in 227 milliseconds.[0m[0m
[0m[[0m[0minfo[0m] [0m[0m[36mTotal number of tests run: 7[0m[0m
[0m[[0m[0minfo[0m] [0m[0m[36mSuites: completed 1, aborted 0[0m[0m
[0m[[0m[0minfo[0m] [0m[0m[36mTests: succeeded 7, failed 0, canceled 0, ignored 1, pending 0[0m[0m
[0m[[0m[0minfo[0m] [0m[0m[32mAll tests passed.[0m[0m
[0m[[0m[32msuccess[0m] [0m[0mTotal time: 1 s, completed 23-Apr-2022 21:20:39[0m
[0m[[0m[0mdebug[0m] [0m[0m> Exec(shell, None, None)[0m
